<?xml version="1.0" encoding="UTF-8"?>
<!-- Generated by org.testng.reporters.JUnitReportReporter -->
<testsuite hostname="DESKTOP-N3JLC1N" failures="0" tests="6" name="runners.TestRunner" time="539.657" errors="0" timestamp="2025-07-16T13:13:23 BST" skipped="0">
  <testcase classname="runners.TestRunner" name="runScenario" time="4.094"/>
  <testcase classname="runners.TestRunner" name="runScenario" time="6.543"/>
  <testcase classname="runners.TestRunner" name="runScenario" time="3.880"/>
  <testcase classname="runners.TestRunner" name="runScenario" time="6.960"/>
  <testcase classname="runners.TestRunner" name="runScenario" time="13.874"/>
  <testcase classname="runners.TestRunner" name="runScenario" time="504.306"/>
</testsuite> <!-- runners.TestRunner -->
