<?xml version="1.0" encoding="UTF-8"?>
<!-- Generated by org.testng.reporters.JUnitReportReporter -->
<testsuite hostname="DESKTOP-N3JLC1N" failures="0" tests="6" name="runners.TestRunner" time="543.211" errors="0" timestamp="2025-07-19T21:47:18 BST" skipped="0">
  <testcase classname="runners.TestRunner" name="runScenario" time="4.141"/>
  <testcase classname="runners.TestRunner" name="runScenario" time="3.958"/>
  <testcase classname="runners.TestRunner" name="runScenario" time="508.144"/>
  <testcase classname="runners.TestRunner" name="runScenario" time="6.372"/>
  <testcase classname="runners.TestRunner" name="runScenario" time="6.821"/>
  <testcase classname="runners.TestRunner" name="runScenario" time="13.775"/>
</testsuite> <!-- runners.TestRunner -->
