<?xml version="1.0" encoding="UTF-8"?>
<!-- Generated by org.testng.reporters.JUnitReportReporter -->
<testsuite hostname="DESKTOP-N3JLC1N" failures="0" tests="6" name="runners.TestRunner" time="539.667" errors="0" timestamp="2025-07-20T22:15:37 BST" skipped="0">
  <testcase classname="runners.TestRunner" name="runScenario" time="495.070"/>
  <testcase classname="runners.TestRunner" name="runScenario" time="5.586"/>
  <testcase classname="runners.TestRunner" name="runScenario" time="9.197"/>
  <testcase classname="runners.TestRunner" name="runScenario" time="5.693"/>
  <testcase classname="runners.TestRunner" name="runScenario" time="15.575"/>
  <testcase classname="runners.TestRunner" name="runScenario" time="8.546"/>
</testsuite> <!-- runners.TestRunner -->
